2017-6-30 14:59:19 [info]: 日志模块已经启动
2017-6-30 14:59:19 [info]: 尝试初始化数据库模块
2017-6-30 14:59:19 [info]: 数据库连接成功
2017-6-30 14:59:19 [info]: 数据库模块已经启动
2017-6-30 14:59:19 [info]: Redis模块已经启动
2017-6-30 14:59:19 [info]: socket模块尝试启动
2017-6-30 14:59:19 [info]: 服务器socket创建成功
2017-6-30 14:59:19 [info]: 端口锁定成功
2017-6-30 14:59:19 [info]: 端口侦听成功
2017-6-30 14:59:19 [info]: socket模块已经启动
2017-6-30 14:59:19 [info]: 协议处理模块初始化完成
2017-6-30 14:59:19 [erro]: 找不到方法：control
2017-6-30 14:59:19 [info]: 服务器正式启动，开始侦听端口......
2017-6-30 15:4:2 [info]: 日志模块已经启动
2017-6-30 15:4:2 [info]: 尝试初始化数据库模块
2017-6-30 15:4:2 [info]: 数据库连接成功
2017-6-30 15:4:2 [info]: 数据库模块已经启动
2017-6-30 15:4:2 [info]: Redis模块已经启动
2017-6-30 15:4:2 [info]: socket模块尝试启动
2017-6-30 15:4:2 [info]: 服务器socket创建成功
2017-6-30 15:4:2 [info]: 端口锁定成功
2017-6-30 15:4:2 [info]: 端口侦听成功
2017-6-30 15:4:2 [info]: socket模块已经启动
2017-6-30 15:4:2 [info]: 协议处理模块初始化完成
2017-6-30 15:4:2 [info]: operate_1000 解析完成
2017-6-30 15:4:2 [info]: operate_1001 解析完成
2017-6-30 15:4:2 [info]: operate_1002 解析完成
2017-6-30 15:4:2 [info]: operate_1003 解析完成
2017-6-30 15:4:2 [info]: operate_2000 解析完成
2017-6-30 15:4:2 [info]: operate_2001 解析完成
2017-6-30 15:4:2 [info]: operate_2002 解析完成
2017-6-30 15:4:2 [info]: operate_2003 解析完成
2017-6-30 15:4:2 [info]: operate_3000 解析完成
2017-6-30 15:4:2 [info]: operate_3001 解析完成
2017-6-30 15:4:2 [info]: 服务器正式启动，开始侦听端口......
2017-6-30 15:9:29 [info]: 日志模块已经启动
2017-6-30 15:9:29 [info]: 尝试初始化数据库模块
2017-6-30 15:9:29 [info]: 数据库连接成功
2017-6-30 15:9:29 [info]: 数据库模块已经启动
2017-6-30 15:9:29 [info]: Redis模块已经启动
2017-6-30 15:9:29 [info]: socket模块尝试启动
2017-6-30 15:9:29 [info]: 服务器socket创建成功
2017-6-30 15:9:29 [info]: 端口锁定成功
2017-6-30 15:9:29 [info]: 端口侦听成功
2017-6-30 15:9:29 [info]: socket模块已经启动
2017-6-30 15:9:29 [info]: 协议处理模块初始化完成
2017-6-30 15:9:29 [info]: operate_1000 解析完成
2017-6-30 15:9:29 [info]: operate_1001 解析完成
2017-6-30 15:9:29 [info]: operate_1002 解析完成
2017-6-30 15:9:29 [info]: operate_1003 解析完成
2017-6-30 15:9:29 [info]: operate_2000 解析完成
2017-6-30 15:9:29 [info]: operate_2001 解析完成
2017-6-30 15:9:29 [info]: operate_2002 解析完成
2017-6-30 15:9:29 [info]: operate_2003 解析完成
2017-6-30 15:9:29 [info]: operate_3000 解析完成
2017-6-30 15:9:29 [info]: operate_3001 解析完成
2017-6-30 15:9:29 [info]: 服务器正式启动，开始侦听端口......
2017-6-30 15:9:29 [info]: 读取数据:CDCD
2017-6-30 15:12:29 [info]: 日志模块已经启动
2017-6-30 15:12:29 [info]: 尝试初始化数据库模块
2017-6-30 15:12:29 [info]: 数据库连接成功
2017-6-30 15:12:29 [info]: 数据库模块已经启动
2017-6-30 15:12:29 [info]: Redis模块已经启动
2017-6-30 15:12:29 [info]: socket模块尝试启动
2017-6-30 15:12:29 [info]: 服务器socket创建成功
2017-6-30 15:12:29 [info]: 端口锁定成功
2017-6-30 15:12:29 [info]: 端口侦听成功
2017-6-30 15:12:29 [info]: socket模块已经启动
2017-6-30 15:12:29 [info]: 协议处理模块初始化完成
2017-6-30 15:12:29 [info]: operate_1000 解析完成
2017-6-30 15:12:29 [info]: operate_1001 解析完成
2017-6-30 15:12:29 [info]: operate_1002 解析完成
2017-6-30 15:12:29 [info]: operate_1003 解析完成
2017-6-30 15:12:29 [info]: operate_2000 解析完成
2017-6-30 15:12:29 [info]: operate_2001 解析完成
2017-6-30 15:12:29 [info]: operate_2002 解析完成
2017-6-30 15:12:29 [info]: operate_2003 解析完成
2017-6-30 15:12:29 [info]: operate_3000 解析完成
2017-6-30 15:12:29 [info]: operate_3001 解析完成
2017-6-30 15:12:29 [info]: 服务器正式启动，开始侦听端口......
2017-6-30 15:12:29 [info]: 读取数据:CDCD
2017-6-30 15:12:29 [erro]: 获取的信息不足，无法操作
2017-6-30 15:12:29 [info]: 读取数据:
2017-6-30 15:13:50 [info]: 日志模块已经启动
2017-6-30 15:13:50 [info]: 尝试初始化数据库模块
2017-6-30 15:13:50 [info]: 数据库连接成功
2017-6-30 15:13:50 [info]: 数据库模块已经启动
2017-6-30 15:13:50 [info]: Redis模块已经启动
2017-6-30 15:13:50 [info]: socket模块尝试启动
2017-6-30 15:13:50 [info]: 服务器socket创建成功
2017-6-30 15:13:50 [info]: 端口锁定成功
2017-6-30 15:13:50 [info]: 端口侦听成功
2017-6-30 15:13:50 [info]: socket模块已经启动
2017-6-30 15:13:50 [info]: 协议处理模块初始化完成
2017-6-30 15:13:50 [info]: operate_1000 解析完成
2017-6-30 15:13:50 [info]: operate_1001 解析完成
2017-6-30 15:13:50 [info]: operate_1002 解析完成
2017-6-30 15:13:50 [info]: operate_1003 解析完成
2017-6-30 15:13:50 [info]: operate_2000 解析完成
2017-6-30 15:13:50 [info]: operate_2001 解析完成
2017-6-30 15:13:50 [info]: operate_2002 解析完成
2017-6-30 15:13:50 [info]: operate_2003 解析完成
2017-6-30 15:13:50 [info]: operate_3000 解析完成
2017-6-30 15:13:50 [info]: operate_3001 解析完成
2017-6-30 15:13:50 [info]: 服务器正式启动，开始侦听端口......
2017-6-30 15:13:50 [info]: 读取数据:CDCD
2017-6-30 15:13:50 [erro]: 获取的信息不足，无法操作
2017-6-30 15:13:50 [info]: 成功向客户端发送信息：information get
2017-6-30 15:13:50 [info]: 读取数据:CD
2017-6-30 15:13:50 [erro]: 获取的信息不足，无法操作
2017-6-30 15:13:50 [info]: 成功向客户端发送信息：information get
2017-6-30 15:13:50 [info]: 读取数据:CD
2017-6-30 15:13:50 [erro]: 获取的信息不足，无法操作
2017-6-30 15:13:50 [info]: 成功向客户端发送信息：information get
2017-6-30 15:13:50 [info]: 读取数据:CD
2017-6-30 15:13:50 [erro]: 获取的信息不足，无法操作
2017-6-30 15:13:50 [info]: 成功向客户端发送信息：information get
2017-6-30 15:13:50 [info]: 读取数据:CD
2017-6-30 15:13:50 [erro]: 获取的信息不足，无法操作
2017-6-30 15:13:50 [info]: 成功向客户端发送信息：information get
2017-6-30 15:13:50 [info]: 读取数据:CD
2017-6-30 15:13:50 [erro]: 获取的信息不足，无法操作
2017-6-30 15:13:50 [info]: 成功向客户端发送信息：information get
2017-6-30 15:13:50 [info]: 读取数据:CD
2017-6-30 15:13:50 [erro]: 获取的信息不足，无法操作
2017-6-30 15:13:50 [info]: 成功向客户端发送信息：information get
2017-6-30 15:13:50 [info]: 读取数据:CD
2017-6-30 15:13:50 [erro]: 获取的信息不足，无法操作
2017-6-30 15:13:50 [info]: 成功向客户端发送信息：information get
2017-6-30 15:13:50 [info]: 读取数据:CD
2017-6-30 15:13:50 [erro]: 获取的信息不足，无法操作
2017-6-30 15:13:50 [info]: 成功向客户端发送信息：information get
2017-6-30 15:13:50 [info]: 读取数据:CD
2017-6-30 15:13:50 [erro]: 获取的信息不足，无法操作
2017-6-30 15:13:50 [info]: 成功向客户端发送信息：information get
2017-6-30 15:13:50 [info]: 读取数据:quit
2017-6-30 15:13:50 [info]: 读取数据:CDCD
2017-6-30 15:13:50 [erro]: 获取的信息不足，无法操作
2017-6-30 15:13:50 [info]: 成功向客户端发送信息：information get
2017-6-30 15:13:50 [info]: 读取数据:CD
2017-6-30 15:13:50 [erro]: 获取的信息不足，无法操作
2017-6-30 15:13:50 [info]: 成功向客户端发送信息：information get
2017-6-30 15:13:50 [info]: 读取数据:CD
2017-6-30 15:13:50 [erro]: 获取的信息不足，无法操作
2017-6-30 15:13:50 [info]: 成功向客户端发送信息：information get
2017-6-30 15:13:50 [info]: 读取数据:CD
2017-6-30 15:13:50 [erro]: 获取的信息不足，无法操作
2017-6-30 15:13:50 [info]: 成功向客户端发送信息：information get
2017-6-30 15:13:50 [info]: 读取数据:CD
2017-6-30 15:13:50 [erro]: 获取的信息不足，无法操作
2017-6-30 15:13:50 [info]: 成功向客户端发送信息：information get
2017-6-30 15:13:50 [info]: 读取数据:CD
2017-6-30 15:13:50 [erro]: 获取的信息不足，无法操作
2017-6-30 15:13:50 [info]: 成功向客户端发送信息：information get
2017-6-30 15:13:50 [info]: 读取数据:CD
2017-6-30 15:13:50 [erro]: 获取的信息不足，无法操作
2017-6-30 15:13:50 [info]: 成功向客户端发送信息：information get
2017-6-30 15:13:50 [info]: 读取数据:CD
2017-6-30 15:13:50 [erro]: 获取的信息不足，无法操作
2017-6-30 15:13:50 [info]: 成功向客户端发送信息：information get
2017-6-30 15:13:50 [info]: 读取数据:CD
2017-6-30 15:13:50 [erro]: 获取的信息不足，无法操作
2017-6-30 15:13:50 [info]: 成功向客户端发送信息：information get
2017-6-30 15:13:50 [info]: 读取数据:CD
2017-6-30 15:13:50 [erro]: 获取的信息不足，无法操作
2017-6-30 15:13:50 [info]: 成功向客户端发送信息：information get
2017-6-30 15:13:50 [info]: 读取数据:quit
2017-6-30 15:24:30 [info]: 日志模块已经启动
2017-6-30 15:24:30 [info]: 尝试初始化数据库模块
2017-6-30 15:24:30 [info]: 数据库连接成功
2017-6-30 15:24:30 [info]: 数据库模块已经启动
2017-6-30 15:24:30 [info]: Redis模块已经启动
2017-6-30 15:24:30 [info]: socket模块尝试启动
2017-6-30 15:24:30 [info]: 服务器socket创建成功
2017-6-30 15:24:30 [info]: 端口锁定成功
2017-6-30 15:24:30 [info]: 端口侦听成功
2017-6-30 15:24:30 [info]: socket模块已经启动
2017-6-30 15:24:30 [info]: 协议处理模块初始化完成
2017-6-30 15:24:30 [info]: operate_1000 解析完成
2017-6-30 15:24:30 [info]: operate_1001 解析完成
2017-6-30 15:24:30 [info]: operate_1002 解析完成
2017-6-30 15:24:30 [info]: operate_1003 解析完成
2017-6-30 15:24:30 [info]: operate_2000 解析完成
2017-6-30 15:24:30 [info]: operate_2001 解析完成
2017-6-30 15:24:30 [info]: operate_2002 解析完成
2017-6-30 15:24:30 [info]: operate_2003 解析完成
2017-6-30 15:24:30 [info]: operate_3000 解析完成
2017-6-30 15:24:30 [info]: operate_3001 解析完成
2017-6-30 15:24:30 [info]: 服务器正式启动，开始侦听端口......
2017-6-30 15:24:30 [info]: 读取数据:0x17;1000;10;10;10;
2017-6-30 15:24:30 [info]: operate_1000 解析完成
2017-6-30 15:24:30 [info]: 成功向客户端发送信息：information get
2017-6-30 15:24:30 [info]: 读取数据:0x17;1001;10;10;10.2;
2017-6-30 15:24:30 [info]: operate_1001 解析完成
2017-6-30 15:24:30 [info]: 成功向客户端发送信息：information get
2017-6-30 15:24:30 [info]: 读取数据:0x17;1002;10;10;
2017-6-30 15:24:30 [info]: operate_1002 解析完成
2017-6-30 15:24:30 [info]: 成功向客户端发送信息：information get
2017-6-30 15:24:30 [info]: 读取数据:0x17;1003;10;100;
2017-6-30 15:24:30 [info]: operate_1003 解析完成
2017-6-30 15:24:30 [info]: 成功向客户端发送信息：information get
2017-6-30 15:24:30 [info]: 读取数据:0x17;2000;10;10;10;100;
2017-6-30 15:24:30 [info]: operate_2000 解析完成
2017-6-30 15:24:30 [info]: 成功向客户端发送信息：information get
2017-6-30 15:24:30 [info]: 读取数据:0x17;2001;10;10;10;
2017-6-30 15:24:30 [info]: operate_2001 解析完成
2017-6-30 15:24:30 [info]: 成功向客户端发送信息：information get
2017-6-30 15:24:30 [info]: 读取数据:0x17;2002;10;10;10;
2017-6-30 15:24:30 [info]: operate_2002 解析完成
2017-6-30 15:24:30 [info]: 成功向客户端发送信息：information get
2017-6-30 15:24:30 [info]: 读取数据:0x17;2003;10;10;108;
2017-6-30 15:24:30 [info]: operate_2003 解析完成
2017-6-30 15:24:30 [info]: 成功向客户端发送信息：information get
2017-6-30 15:24:30 [info]: 读取数据:0x17;3000;10;10;10;12;
2017-6-30 15:24:30 [info]: operate_3000 解析完成
2017-6-30 15:24:30 [info]: 成功向客户端发送信息：information get
2017-6-30 15:24:30 [info]: 读取数据:0x17;3001;10;10;
2017-6-30 15:24:30 [info]: operate_3001 解析完成
2017-6-30 15:24:30 [info]: 成功向客户端发送信息：information get
2017-6-30 15:24:30 [info]: 读取数据:quit
2017-6-30 15:26:2 [info]: 日志模块已经启动
2017-6-30 15:26:2 [info]: 尝试初始化数据库模块
2017-6-30 15:26:2 [info]: 数据库连接成功
2017-6-30 15:26:2 [info]: 数据库模块已经启动
2017-6-30 15:26:2 [info]: Redis模块已经启动
2017-6-30 15:26:2 [info]: socket模块尝试启动
2017-6-30 15:26:2 [info]: 服务器socket创建成功
2017-6-30 15:26:2 [info]: 端口锁定成功
2017-6-30 15:26:2 [info]: 端口侦听成功
2017-6-30 15:26:2 [info]: socket模块已经启动
2017-6-30 15:26:2 [info]: 协议处理模块初始化完成
2017-6-30 15:26:2 [info]: operate_1000 解析完成
2017-6-30 15:26:2 [info]: operate_1001 解析完成
2017-6-30 15:26:2 [info]: operate_1002 解析完成
2017-6-30 15:26:2 [info]: operate_1003 解析完成
2017-6-30 15:26:2 [info]: operate_2000 解析完成
2017-6-30 15:26:2 [info]: operate_2001 解析完成
2017-6-30 15:26:2 [info]: operate_2002 解析完成
2017-6-30 15:26:2 [info]: operate_2003 解析完成
2017-6-30 15:26:2 [info]: operate_3000 解析完成
2017-6-30 15:26:2 [info]: operate_3001 解析完成
2017-6-30 15:26:2 [info]: 服务器正式启动，开始侦听端口......
2017-6-30 15:26:2 [info]: 读取数据:0x17;1000;10;10;10;
2017-6-30 15:26:2 [info]: operate_1000 解析完成
2017-6-30 15:26:2 [info]: 读取数据:
2017-6-30 15:27:17 [info]: 日志模块已经启动
2017-6-30 15:27:17 [info]: 尝试初始化数据库模块
2017-6-30 15:27:17 [info]: 数据库连接成功
2017-6-30 15:27:17 [info]: 数据库模块已经启动
2017-6-30 15:27:17 [info]: Redis模块已经启动
2017-6-30 15:27:17 [info]: socket模块尝试启动
2017-6-30 15:27:17 [info]: 服务器socket创建成功
2017-6-30 15:27:17 [info]: 端口锁定成功
2017-6-30 15:27:17 [info]: 端口侦听成功
2017-6-30 15:27:17 [info]: socket模块已经启动
2017-6-30 15:27:17 [info]: 协议处理模块初始化完成
2017-6-30 15:27:17 [info]: operate_1000 解析完成
2017-6-30 15:27:17 [info]: operate_1001 解析完成
2017-6-30 15:27:17 [info]: operate_1002 解析完成
2017-6-30 15:27:17 [info]: operate_1003 解析完成
2017-6-30 15:27:17 [info]: operate_2000 解析完成
2017-6-30 15:27:17 [info]: operate_2001 解析完成
2017-6-30 15:27:17 [info]: operate_2002 解析完成
2017-6-30 15:27:17 [info]: operate_2003 解析完成
2017-6-30 15:27:17 [info]: operate_3000 解析完成
2017-6-30 15:27:17 [info]: operate_3001 解析完成
2017-6-30 15:27:17 [info]: 服务器正式启动，开始侦听端口......
2017-6-30 15:27:17 [info]: 读取数据:0x17;1000;10;10;10;
2017-6-30 15:27:17 [info]: operate_1000 解析完成
2017-6-30 15:27:17 [info]: 读取数据:0x17;1001;10;10;10.2;
2017-6-30 15:27:17 [info]: operate_1001 解析完成
2017-6-30 15:27:17 [info]: 读取数据:0x17;1002;10;10;
2017-6-30 15:27:17 [info]: operate_1002 解析完成
2017-6-30 15:27:17 [info]: 读取数据:0x17;1003;10;100;
2017-6-30 15:27:17 [info]: operate_1003 解析完成
2017-6-30 15:27:17 [info]: 读取数据:0x17;2000;10;10;10;100;
2017-6-30 15:27:17 [info]: operate_2000 解析完成
2017-6-30 15:27:17 [info]: 读取数据:0x17;2001;10;10;10;
2017-6-30 15:27:17 [info]: operate_2001 解析完成
2017-6-30 15:27:17 [info]: 读取数据:0x17;2002;10;10;10;
2017-6-30 15:27:17 [info]: operate_2002 解析完成
2017-6-30 15:27:17 [info]: 读取数据:0x17;2003;10;10;108;
2017-6-30 15:27:17 [info]: operate_2003 解析完成
2017-6-30 15:27:17 [info]: 读取数据:0x17;3000;10;10;10;12;
2017-6-30 15:27:17 [info]: operate_3000 解析完成
2017-6-30 15:27:17 [info]: 读取数据:0x17;3001;10;10;quit
2017-6-30 15:27:17 [erro]: 数据格式不正确，无法解析。
2017-6-30 15:27:17 [info]: 读取数据:
2017-6-30 15:29:14 [info]: 日志模块已经启动
2017-6-30 15:29:14 [info]: 尝试初始化数据库模块
2017-6-30 15:29:14 [info]: 数据库连接成功
2017-6-30 15:29:14 [info]: 数据库模块已经启动
2017-6-30 15:29:14 [info]: Redis模块已经启动
2017-6-30 15:29:14 [info]: socket模块尝试启动
2017-6-30 15:29:14 [info]: 服务器socket创建成功
2017-6-30 15:29:14 [info]: 端口锁定成功
2017-6-30 15:29:14 [info]: 端口侦听成功
2017-6-30 15:29:14 [info]: socket模块已经启动
2017-6-30 15:29:14 [info]: 协议处理模块初始化完成
2017-6-30 15:29:14 [info]: operate_1000 解析完成
2017-6-30 15:29:14 [info]: operate_1001 解析完成
2017-6-30 15:29:14 [info]: operate_1002 解析完成
2017-6-30 15:29:14 [info]: operate_1003 解析完成
2017-6-30 15:29:14 [info]: operate_2000 解析完成
2017-6-30 15:29:14 [info]: operate_2001 解析完成
2017-6-30 15:29:14 [info]: operate_2002 解析完成
2017-6-30 15:29:14 [info]: operate_2003 解析完成
2017-6-30 15:29:14 [info]: operate_3000 解析完成
2017-6-30 15:29:14 [info]: operate_3001 解析完成
2017-6-30 15:29:14 [info]: 服务器正式启动，开始侦听端口......
2017-6-30 15:29:14 [info]: 读取数据:0x17;1000;10;10;10;
2017-6-30 15:29:14 [info]: operate_1000 解析完成
2017-6-30 15:29:14 [info]: 读取数据:0x17;1001;10;10;10.2;
2017-6-30 15:29:14 [info]: operate_1001 解析完成
2017-6-30 15:29:14 [info]: 读取数据:0x17;1002;10;10;
2017-6-30 15:29:14 [info]: operate_1002 解析完成
2017-6-30 15:29:14 [info]: 读取数据:0x17;1003;10;100;
2017-6-30 15:29:14 [info]: operate_1003 解析完成
2017-6-30 15:29:14 [info]: 读取数据:0x17;2000;10;10;10;100;
2017-6-30 15:29:14 [info]: operate_2000 解析完成
2017-6-30 15:29:14 [info]: 读取数据:0x17;2001;10;10;10;
2017-6-30 15:29:14 [info]: operate_2001 解析完成
2017-6-30 15:29:14 [info]: 读取数据:0x17;2002;10;10;10;
2017-6-30 15:29:14 [info]: operate_2002 解析完成
2017-6-30 15:29:14 [info]: 读取数据:0x17;2003;10;10;108;
2017-6-30 15:29:14 [info]: operate_2003 解析完成
2017-6-30 15:29:14 [info]: 读取数据:0x17;3000;10;10;10;12;
2017-6-30 15:29:14 [info]: operate_3000 解析完成
2017-6-30 15:29:14 [info]: 读取数据:0x17;3001;10;10;quit
2017-6-30 15:29:14 [erro]: 数据格式不正确，无法解析。
2017-6-30 15:29:14 [info]: 读取数据:
2017-6-30 15:29:14 [info]: 读取数据:0x17;1000;10;10;10;
2017-6-30 15:29:14 [info]: operate_1000 解析完成
2017-6-30 15:29:14 [info]: 读取数据:0x17;1001;10;10;10.2;
2017-6-30 15:29:14 [info]: operate_1001 解析完成
2017-6-30 15:29:14 [info]: 读取数据:0x17;1002;10;10;
2017-6-30 15:29:14 [info]: operate_1002 解析完成
2017-6-30 15:29:14 [info]: 读取数据:0x17;1003;10;100;
2017-6-30 15:29:14 [info]: operate_1003 解析完成
2017-6-30 15:29:14 [info]: 读取数据:0x17;2000;10;10;10;100;
2017-6-30 15:29:14 [info]: operate_2000 解析完成
2017-6-30 15:29:14 [info]: 读取数据:0x17;2001;10;10;10;
2017-6-30 15:29:14 [info]: operate_2001 解析完成
2017-6-30 15:29:14 [info]: 读取数据:0x17;2002;10;10;10;
2017-6-30 15:29:14 [info]: operate_2002 解析完成
2017-6-30 15:29:14 [info]: 读取数据:0x17;2003;10;10;108;
2017-6-30 15:29:14 [info]: operate_2003 解析完成
2017-6-30 15:29:14 [info]: 读取数据:0x17;3000;10;10;10;12;
2017-6-30 15:29:14 [info]: operate_3000 解析完成
2017-6-30 15:29:14 [info]: 读取数据:0x17;3001;10;10;
2017-6-30 15:29:14 [info]: operate_3001 解析完成
2017-6-30 15:29:14 [info]: 读取数据:quit
2017-6-30 15:29:14 [info]: 读取数据:0x17;1000;10;10;10;
2017-6-30 15:29:14 [info]: operate_1000 解析完成
2017-6-30 15:29:14 [info]: 读取数据:0x17;1001;10;10;10.2;
2017-6-30 15:29:14 [info]: operate_1001 解析完成
2017-6-30 15:29:14 [info]: 读取数据:0x17;1002;10;10;
2017-6-30 15:29:14 [info]: operate_1002 解析完成
2017-6-30 15:29:14 [info]: 读取数据:0x17;1003;10;100;
2017-6-30 15:29:14 [info]: operate_1003 解析完成
2017-6-30 15:29:14 [info]: 读取数据:0x17;2000;10;10;10;100;
2017-6-30 15:29:14 [info]: operate_2000 解析完成
2017-6-30 15:29:14 [info]: 读取数据:0x17;2001;10;10;10;
2017-6-30 15:29:14 [info]: operate_2001 解析完成
2017-6-30 15:29:14 [info]: 读取数据:0x17;2002;10;10;10;
2017-6-30 15:29:14 [info]: operate_2002 解析完成
2017-6-30 15:29:14 [info]: 读取数据:0x17;2003;10;10;108;
2017-6-30 15:29:14 [info]: operate_2003 解析完成
2017-6-30 15:29:14 [info]: 读取数据:0x17;3000;10;10;10;12;
2017-6-30 15:29:14 [info]: operate_3000 解析完成
2017-6-30 15:29:14 [info]: 读取数据:0x17;3001;10;10;
2017-6-30 15:29:14 [info]: operate_3001 解析完成
2017-6-30 15:29:14 [info]: 读取数据:quit
2017-6-30 15:32:20 [info]: 日志模块已经启动
2017-6-30 15:32:20 [info]: 尝试初始化数据库模块
2017-6-30 15:32:20 [info]: 数据库连接成功
2017-6-30 15:32:20 [info]: 数据库模块已经启动
2017-6-30 15:32:20 [info]: Redis模块已经启动
2017-6-30 15:32:20 [info]: socket模块尝试启动
2017-6-30 15:32:20 [info]: 服务器socket创建成功
2017-6-30 15:32:20 [info]: 端口锁定成功
2017-6-30 15:32:20 [info]: 端口侦听成功
2017-6-30 15:32:20 [info]: socket模块已经启动
2017-6-30 15:32:20 [info]: 协议处理模块初始化完成
2017-6-30 15:32:20 [info]: operate_1000 解析完成
2017-6-30 15:32:20 [info]: operate_1001 解析完成
2017-6-30 15:32:20 [info]: operate_1002 解析完成
2017-6-30 15:32:20 [info]: operate_1003 解析完成
2017-6-30 15:32:20 [info]: operate_2000 解析完成
2017-6-30 15:32:20 [info]: operate_2001 解析完成
2017-6-30 15:32:20 [info]: operate_2002 解析完成
2017-6-30 15:32:20 [info]: operate_2003 解析完成
2017-6-30 15:32:20 [info]: operate_3000 解析完成
2017-6-30 15:32:20 [info]: operate_3001 解析完成
2017-6-30 15:32:20 [info]: 服务器正式启动，开始侦听端口......
2017-6-30 15:32:20 [info]: 读取数据:0x17;1000;10;10;10;
2017-6-30 15:32:20 [info]: operate_1000 解析完成
2017-6-30 15:32:20 [info]: 成功向客户端发送信息：information geted
2017-6-30 15:32:20 [info]: 读取数据:0x17;1001;10;10;10.2;
2017-6-30 15:32:20 [info]: operate_1001 解析完成
2017-6-30 15:32:20 [info]: 成功向客户端发送信息：information geted
2017-6-30 15:32:20 [info]: 读取数据:0x17;1002;10;10;
2017-6-30 15:32:20 [info]: operate_1002 解析完成
2017-6-30 15:32:20 [info]: 成功向客户端发送信息：information geted
2017-6-30 15:32:20 [info]: 读取数据:0x17;1003;10;100;
2017-6-30 15:32:20 [info]: operate_1003 解析完成
2017-6-30 15:32:20 [info]: 成功向客户端发送信息：information geted
2017-6-30 15:32:20 [info]: 读取数据:0x17;2000;10;10;10;100;
2017-6-30 15:32:20 [info]: operate_2000 解析完成
2017-6-30 15:32:20 [info]: 成功向客户端发送信息：information geted
2017-6-30 15:32:20 [info]: 读取数据:0x17;2001;10;10;10;
2017-6-30 15:32:20 [info]: operate_2001 解析完成
2017-6-30 15:32:20 [info]: 成功向客户端发送信息：information geted
2017-6-30 15:32:20 [info]: 读取数据:0x17;2002;10;10;10;
2017-6-30 15:32:20 [info]: operate_2002 解析完成
2017-6-30 15:32:20 [info]: 成功向客户端发送信息：information geted
2017-6-30 15:32:20 [info]: 读取数据:0x17;2003;10;10;108;
2017-6-30 15:32:20 [info]: operate_2003 解析完成
2017-6-30 15:32:20 [info]: 成功向客户端发送信息：information geted
2017-6-30 15:32:20 [info]: 读取数据:0x17;3000;10;10;10;12;
2017-6-30 15:32:20 [info]: operate_3000 解析完成
2017-6-30 15:32:20 [info]: 成功向客户端发送信息：information geted
2017-6-30 15:32:20 [info]: 读取数据:0x17;3001;10;10;
2017-6-30 15:32:20 [info]: operate_3001 解析完成
2017-6-30 15:32:20 [info]: 成功向客户端发送信息：information geted
2017-6-30 15:32:20 [info]: 读取数据:quit
