2017-6-21 14:15:43 [info]: 日志模块已经启动
2017-6-21 14:15:43 [info]: 尝试初始化数据库模块
2017-6-21 14:15:43 [info]: 数据库连接成功
2017-6-21 14:15:43 [info]: 数据库模块已经启动
2017-6-21 14:15:43 [info]: Redis模块已经启动
2017-6-21 14:15:43 [info]: socket模块尝试启动
2017-6-21 14:15:43 [info]: 服务器socket创建成功
2017-6-21 14:15:43 [info]: 端口锁定成功
2017-6-21 14:15:43 [info]: 端口侦听成功
2017-6-21 14:15:43 [info]: socket模块已经启动
2017-6-21 14:15:43 [info]: 战斗吧!!!__11
2017-6-21 14:15:43 [info]: 为了宇宙和平!!!__22
2017-6-21 14:15:43 [warn]: 中二病拯救世界!!!__33
2017-6-21 14:15:43 [debug]: 男人不二怎么行!!!__44
2017-6-21 14:15:43 [erro]: 真理就在这里!!!__55
2017-6-21 14:15:43 [info]: 数据插入成功
2017-6-21 14:15:43 [info]: Key(suck)查询存在
2017-6-21 14:15:43 [info]: 查询到Key(suck)对应的value为zheshizhenli
2017-6-21 14:15:43 [info]: 服务器正式启动，开始侦听端口......
2017-6-21 14:18:7 [info]: 日志模块已经启动
2017-6-21 14:18:7 [info]: 尝试初始化数据库模块
2017-6-21 14:18:7 [info]: 数据库连接成功
2017-6-21 14:18:7 [info]: 数据库模块已经启动
2017-6-21 14:18:7 [info]: Redis模块已经启动
2017-6-21 14:18:7 [info]: socket模块尝试启动
2017-6-21 14:18:7 [info]: 服务器socket创建成功
2017-6-21 14:18:7 [info]: 端口锁定成功
2017-6-21 14:18:7 [info]: 端口侦听成功
2017-6-21 14:18:7 [info]: socket模块已经启动
2017-6-21 14:18:7 [info]: 服务器正式启动，开始侦听端口......
2017-6-21 14:18:7 [info]: 读取数据:CDCD
2017-6-21 14:18:7 [info]: 数据插入成功
2017-6-21 14:18:7 [info]: Key(CDCD)查询存在
2017-6-21 14:18:7 [info]: 成功向客户端发送信息：Do you want a CD？
2017-6-21 14:18:7 [info]: 读取数据:CD
2017-6-21 14:18:7 [info]: 数据插入成功
2017-6-21 14:18:7 [info]: Key(CD)查询存在
2017-6-21 14:18:7 [info]: 成功向客户端发送信息：Do you want a CD？
2017-6-21 14:18:7 [info]: 读取数据:CD
2017-6-21 14:18:7 [info]: 数据插入成功
2017-6-21 14:18:7 [info]: Key(CD)查询存在
2017-6-21 14:18:7 [info]: 成功向客户端发送信息：Do you want a CD？
2017-6-21 14:18:7 [info]: 读取数据:CD
2017-6-21 14:18:7 [info]: 数据插入成功
2017-6-21 14:18:7 [info]: Key(CD)查询存在
2017-6-21 14:18:7 [info]: 成功向客户端发送信息：Do you want a CD？
2017-6-21 14:18:7 [info]: 读取数据:CD
2017-6-21 14:18:7 [info]: 数据插入成功
2017-6-21 14:18:7 [info]: Key(CD)查询存在
2017-6-21 14:18:7 [info]: 成功向客户端发送信息：Do you want a CD？
2017-6-21 14:18:7 [info]: 读取数据:CD
2017-6-21 14:18:7 [info]: 数据插入成功
2017-6-21 14:18:7 [info]: Key(CD)查询存在
2017-6-21 14:18:7 [info]: 成功向客户端发送信息：Do you want a CD？
2017-6-21 14:18:7 [info]: 读取数据:CD
2017-6-21 14:18:7 [info]: 数据插入成功
2017-6-21 14:18:7 [info]: Key(CD)查询存在
2017-6-21 14:18:7 [info]: 成功向客户端发送信息：Do you want a CD？
2017-6-21 14:18:7 [info]: 读取数据:CD
2017-6-21 14:18:7 [info]: 数据插入成功
2017-6-21 14:18:7 [info]: Key(CD)查询存在
2017-6-21 14:18:7 [info]: 成功向客户端发送信息：Do you want a CD？
2017-6-21 14:18:7 [info]: 读取数据:CD
2017-6-21 14:18:7 [info]: 数据插入成功
2017-6-21 14:18:7 [info]: Key(CD)查询存在
2017-6-21 14:18:7 [info]: 成功向客户端发送信息：Do you want a CD？
2017-6-21 14:18:7 [info]: 读取数据:CD
2017-6-21 14:18:7 [info]: 数据插入成功
2017-6-21 14:18:7 [info]: Key(CD)查询存在
2017-6-21 14:18:7 [info]: 成功向客户端发送信息：Do you want a CD？
2017-6-21 14:18:7 [info]: 读取数据:quit
