2017-6-29 21:2:37 [info]: 日志模块已经启动
2017-6-29 21:2:37 [info]: 尝试初始化数据库模块
2017-6-29 21:2:37 [info]: 数据库连接成功
2017-6-29 21:2:37 [info]: 数据库模块已经启动
2017-6-29 21:2:37 [info]: Redis模块已经启动
2017-6-29 21:2:37 [info]: socket模块尝试启动
2017-6-29 21:2:37 [info]: 服务器socket创建成功
2017-6-29 21:2:37 [erro]: 端口锁定失败
2017-6-29 21:2:37 [info]: socket模块已经启动
2017-6-29 21:2:37 [info]: 协议处理模块初始化完成
2017-6-29 21:2:37 [info]: 服务器正式启动，开始侦听端口......
2017-6-29 21:2:37 [erro]: 并没有被接受
2017-6-29 21:15:48 [info]: 日志模块已经启动
2017-6-29 21:15:48 [info]: 尝试初始化数据库模块
2017-6-29 21:15:48 [info]: 数据库连接成功
2017-6-29 21:15:48 [info]: 数据库模块已经启动
2017-6-29 21:15:48 [info]: Redis模块已经启动
2017-6-29 21:15:48 [info]: socket模块尝试启动
2017-6-29 21:15:48 [info]: 服务器socket创建成功
2017-6-29 21:15:48 [info]: 端口锁定成功
2017-6-29 21:15:48 [info]: 端口侦听成功
2017-6-29 21:15:48 [info]: socket模块已经启动
2017-6-29 21:15:48 [info]: 协议处理模块初始化完成
2017-6-29 21:15:48 [info]: 服务器正式启动，开始侦听端口......
2017-6-29 21:20:43 [info]: 日志模块已经启动
2017-6-29 21:20:43 [info]: 尝试初始化数据库模块
2017-6-29 21:20:43 [info]: 数据库连接成功
2017-6-29 21:20:43 [info]: 数据库模块已经启动
2017-6-29 21:20:43 [info]: Redis模块已经启动
2017-6-29 21:20:43 [info]: socket模块尝试启动
2017-6-29 21:20:43 [info]: 服务器socket创建成功
2017-6-29 21:20:43 [erro]: 端口锁定失败
2017-6-29 21:20:43 [info]: socket模块已经启动
2017-6-29 21:20:43 [info]: 协议处理模块初始化完成
2017-6-29 21:20:43 [info]: 服务器正式启动，开始侦听端口......
2017-6-29 21:20:43 [erro]: 并没有被接受
2017-6-29 21:20:56 [info]: 日志模块已经启动
2017-6-29 21:20:56 [info]: 尝试初始化数据库模块
2017-6-29 21:20:56 [info]: 数据库连接成功
2017-6-29 21:20:56 [info]: 数据库模块已经启动
2017-6-29 21:20:56 [info]: Redis模块已经启动
2017-6-29 21:20:56 [info]: socket模块尝试启动
2017-6-29 21:20:56 [info]: 服务器socket创建成功
2017-6-29 21:20:56 [erro]: 端口锁定失败
2017-6-29 21:20:56 [info]: socket模块已经启动
2017-6-29 21:20:56 [info]: 协议处理模块初始化完成
2017-6-29 21:20:56 [info]: 服务器正式启动，开始侦听端口......
2017-6-29 21:20:56 [erro]: 并没有被接受
2017-6-29 21:20:58 [info]: 日志模块已经启动
2017-6-29 21:20:58 [info]: 尝试初始化数据库模块
2017-6-29 21:20:58 [info]: 数据库连接成功
2017-6-29 21:20:58 [info]: 数据库模块已经启动
2017-6-29 21:20:58 [info]: Redis模块已经启动
2017-6-29 21:20:58 [info]: socket模块尝试启动
2017-6-29 21:20:58 [info]: 服务器socket创建成功
2017-6-29 21:20:58 [erro]: 端口锁定失败
2017-6-29 21:20:58 [info]: socket模块已经启动
2017-6-29 21:20:58 [info]: 协议处理模块初始化完成
2017-6-29 21:20:58 [info]: 服务器正式启动，开始侦听端口......
2017-6-29 21:20:58 [erro]: 并没有被接受
2017-6-29 21:20:59 [info]: 日志模块已经启动
2017-6-29 21:20:59 [info]: 尝试初始化数据库模块
2017-6-29 21:20:59 [info]: 数据库连接成功
2017-6-29 21:20:59 [info]: 数据库模块已经启动
2017-6-29 21:20:59 [info]: Redis模块已经启动
2017-6-29 21:20:59 [info]: socket模块尝试启动
2017-6-29 21:20:59 [info]: 服务器socket创建成功
2017-6-29 21:20:59 [erro]: 端口锁定失败
2017-6-29 21:20:59 [info]: socket模块已经启动
2017-6-29 21:20:59 [info]: 协议处理模块初始化完成
2017-6-29 21:20:59 [info]: 服务器正式启动，开始侦听端口......
2017-6-29 21:20:59 [erro]: 并没有被接受
2017-6-29 21:21:0 [info]: 日志模块已经启动
2017-6-29 21:21:0 [info]: 尝试初始化数据库模块
2017-6-29 21:21:0 [info]: 数据库连接成功
2017-6-29 21:21:0 [info]: 数据库模块已经启动
2017-6-29 21:21:0 [info]: Redis模块已经启动
2017-6-29 21:21:0 [info]: socket模块尝试启动
2017-6-29 21:21:0 [info]: 服务器socket创建成功
2017-6-29 21:21:0 [erro]: 端口锁定失败
2017-6-29 21:21:0 [info]: socket模块已经启动
2017-6-29 21:21:0 [info]: 协议处理模块初始化完成
2017-6-29 21:21:0 [info]: 服务器正式启动，开始侦听端口......
2017-6-29 21:21:0 [erro]: 并没有被接受
2017-6-29 21:21:1 [info]: 日志模块已经启动
2017-6-29 21:21:1 [info]: 尝试初始化数据库模块
2017-6-29 21:21:1 [info]: 数据库连接成功
2017-6-29 21:21:1 [info]: 数据库模块已经启动
2017-6-29 21:21:1 [info]: Redis模块已经启动
2017-6-29 21:21:1 [info]: socket模块尝试启动
2017-6-29 21:21:1 [info]: 服务器socket创建成功
2017-6-29 21:21:1 [erro]: 端口锁定失败
2017-6-29 21:21:1 [info]: socket模块已经启动
2017-6-29 21:21:1 [info]: 协议处理模块初始化完成
2017-6-29 21:21:1 [info]: 服务器正式启动，开始侦听端口......
2017-6-29 21:21:1 [erro]: 并没有被接受
2017-6-29 21:21:20 [info]: 日志模块已经启动
2017-6-29 21:21:20 [info]: 尝试初始化数据库模块
2017-6-29 21:21:20 [info]: 数据库连接成功
2017-6-29 21:21:20 [info]: 数据库模块已经启动
2017-6-29 21:21:20 [info]: Redis模块已经启动
2017-6-29 21:21:20 [info]: socket模块尝试启动
2017-6-29 21:21:20 [info]: 服务器socket创建成功
2017-6-29 21:21:20 [info]: 端口锁定成功
2017-6-29 21:21:20 [info]: 端口侦听成功
2017-6-29 21:21:20 [info]: socket模块已经启动
2017-6-29 21:21:20 [info]: 协议处理模块初始化完成
2017-6-29 21:21:20 [info]: 服务器正式启动，开始侦听端口......
2017-6-29 21:27:21 [info]: 日志模块已经启动
2017-6-29 21:27:21 [info]: 尝试初始化数据库模块
2017-6-29 21:27:21 [info]: 数据库连接成功
2017-6-29 21:27:21 [info]: 数据库模块已经启动
2017-6-29 21:27:21 [info]: Redis模块已经启动
2017-6-29 21:27:21 [info]: socket模块尝试启动
2017-6-29 21:27:21 [info]: 服务器socket创建成功
2017-6-29 21:27:21 [info]: 端口锁定成功
2017-6-29 21:27:21 [info]: 端口侦听成功
2017-6-29 21:27:21 [info]: socket模块已经启动
2017-6-29 21:27:21 [info]: 协议处理模块初始化完成
2017-6-29 21:27:21 [info]: 服务器正式启动，开始侦听端口......
2017-6-29 21:42:41 [info]: 日志模块已经启动
2017-6-29 21:42:41 [info]: 尝试初始化数据库模块
2017-6-29 21:42:41 [info]: 数据库连接成功
2017-6-29 21:42:41 [info]: 数据库模块已经启动
2017-6-29 21:42:41 [info]: Redis模块已经启动
2017-6-29 21:42:41 [info]: socket模块尝试启动
2017-6-29 21:42:41 [info]: 服务器socket创建成功
2017-6-29 21:42:41 [info]: 端口锁定成功
2017-6-29 21:42:41 [info]: 端口侦听成功
2017-6-29 21:42:41 [info]: socket模块已经启动
2017-6-29 21:42:41 [info]: 协议处理模块初始化完成
2017-6-29 21:42:41 [info]: 服务器正式启动，开始侦听端口......
2017-6-29 21:43:50 [info]: 日志模块已经启动
2017-6-29 21:43:50 [info]: 尝试初始化数据库模块
2017-6-29 21:43:50 [info]: 数据库连接成功
2017-6-29 21:43:50 [info]: 数据库模块已经启动
2017-6-29 21:43:50 [info]: Redis模块已经启动
2017-6-29 21:43:50 [info]: socket模块尝试启动
2017-6-29 21:43:50 [info]: 服务器socket创建成功
2017-6-29 21:43:50 [erro]: 端口锁定失败
2017-6-29 21:43:50 [info]: socket模块已经启动
2017-6-29 21:43:50 [info]: 协议处理模块初始化完成
2017-6-29 21:43:50 [info]: 服务器正式启动，开始侦听端口......
2017-6-29 21:43:50 [erro]: 并没有被接受
2017-6-29 22:5:21 [info]: 日志模块已经启动
2017-6-29 22:5:21 [info]: 尝试初始化数据库模块
2017-6-29 22:5:21 [info]: 数据库连接成功
2017-6-29 22:5:21 [info]: 数据库模块已经启动
2017-6-29 22:5:21 [info]: Redis模块已经启动
2017-6-29 22:5:21 [info]: socket模块尝试启动
2017-6-29 22:5:21 [info]: 服务器socket创建成功
2017-6-29 22:5:21 [info]: 端口锁定成功
2017-6-29 22:5:21 [info]: 端口侦听成功
2017-6-29 22:5:21 [info]: socket模块已经启动
2017-6-29 22:5:21 [info]: 协议处理模块初始化完成
2017-6-29 22:5:21 [info]: 服务器正式启动，开始侦听端口......
2017-6-29 22:7:51 [info]: 日志模块已经启动
2017-6-29 22:7:51 [info]: 尝试初始化数据库模块
2017-6-29 22:7:51 [info]: 数据库连接成功
2017-6-29 22:7:51 [info]: 数据库模块已经启动
2017-6-29 22:7:51 [info]: Redis模块已经启动
2017-6-29 22:7:51 [info]: socket模块尝试启动
2017-6-29 22:7:51 [info]: 服务器socket创建成功
2017-6-29 22:7:51 [info]: 端口锁定成功
2017-6-29 22:7:51 [info]: 端口侦听成功
2017-6-29 22:7:51 [info]: socket模块已经启动
2017-6-29 22:7:51 [info]: 协议处理模块初始化完成
2017-6-29 22:7:51 [info]: 服务器正式启动，开始侦听端口......
2017-6-29 23:6:16 [info]: 日志模块已经启动
2017-6-29 23:6:16 [info]: 尝试初始化数据库模块
2017-6-29 23:6:16 [info]: 数据库连接成功
2017-6-29 23:6:16 [info]: 数据库模块已经启动
2017-6-29 23:6:16 [info]: Redis模块已经启动
2017-6-29 23:6:16 [info]: socket模块尝试启动
2017-6-29 23:6:16 [info]: 服务器socket创建成功
2017-6-29 23:6:16 [info]: 端口锁定成功
2017-6-29 23:6:16 [info]: 端口侦听成功
2017-6-29 23:6:16 [info]: socket模块已经启动
2017-6-29 23:6:16 [info]: 协议处理模块初始化完成
2017-6-29 23:6:16 [info]: 服务器正式启动，开始侦听端口......
