2017-7-2 16:7:38 [info]: 日志模块已经启动
2017-7-2 16:7:38 [info]: 尝试初始化数据库模块
2017-7-2 16:7:38 [info]: 数据库连接成功
2017-7-2 16:7:38 [info]: 数据库模块已经启动
2017-7-2 16:7:38 [info]: Redis模块已经启动
2017-7-2 16:7:38 [info]: socket模块尝试启动
2017-7-2 16:7:38 [info]: 服务器socket创建成功
2017-7-2 16:7:38 [info]: 端口锁定成功
2017-7-2 16:7:38 [info]: 端口侦听成功
2017-7-2 16:7:38 [info]: socket模块已经启动
2017-7-2 16:7:38 [info]: 协议处理模块初始化完成
2017-7-2 16:7:38 [info]: operate_1000 解析完成
2017-7-2 16:7:38 [info]: operate_1001 解析完成
2017-7-2 16:7:38 [info]: operate_1002 解析完成
2017-7-2 16:7:38 [info]: operate_1003 解析完成
2017-7-2 16:7:38 [info]: operate_2000 解析完成
2017-7-2 16:7:38 [info]: operate_2001 解析完成
2017-7-2 16:7:38 [info]: operate_2002 解析完成
2017-7-2 16:7:38 [info]: operate_2003 解析完成
2017-7-2 16:7:38 [info]: operate_3000 解析完成
2017-7-2 16:7:38 [info]: operate_3001 解析完成
2017-7-2 16:7:38 [info]: 服务器正式启动，开始侦听端口......
2017-7-2 16:49:54 [info]: 日志模块已经启动
2017-7-2 16:49:54 [info]: 尝试初始化数据库模块
2017-7-2 16:49:54 [info]: 数据库连接成功
2017-7-2 16:49:54 [info]: 数据库模块已经启动
2017-7-2 16:49:54 [info]: Redis模块已经启动
2017-7-2 16:49:54 [info]: socket模块尝试启动
2017-7-2 16:49:54 [info]: 服务器socket创建成功
2017-7-2 16:49:54 [info]: 端口锁定成功
2017-7-2 16:49:54 [info]: 端口侦听成功
2017-7-2 16:49:54 [info]: socket模块已经启动
2017-7-2 16:49:54 [info]: 协议处理模块初始化完成
2017-7-2 16:49:54 [info]: operate_1000 解析完成
2017-7-2 16:49:54 [info]: operate_1001 解析完成
2017-7-2 16:49:54 [info]: operate_1002 解析完成
2017-7-2 16:49:54 [info]: operate_1003 解析完成
2017-7-2 16:49:54 [info]: operate_2000 解析完成
2017-7-2 16:49:54 [info]: operate_2001 解析完成
2017-7-2 16:49:54 [info]: operate_2002 解析完成
2017-7-2 16:49:54 [info]: operate_2003 解析完成
2017-7-2 16:49:54 [info]: operate_3000 解析完成
2017-7-2 16:49:54 [info]: operate_3001 解析完成
2017-7-2 16:49:54 [info]: 服务器正式启动，开始侦听端口......
2017-7-2 16:49:54 [info]: 读取数据:0x17;1000;10;10;10;
2017-7-2 16:49:54 [info]: operate_1000 解析完成
2017-7-2 16:49:54 [info]: 成功向客户端发送信息：information geted
2017-7-2 16:49:54 [info]: 读取数据:0x17;1001;10;10;10.2;
2017-7-2 16:49:54 [info]: operate_1001 解析完成
2017-7-2 16:49:54 [info]: 成功向客户端发送信息：information geted
2017-7-2 16:49:54 [info]: 读取数据:0x17;1002;10;10;
2017-7-2 16:49:54 [info]: operate_1002 解析完成
2017-7-2 16:49:54 [info]: 成功向客户端发送信息：information geted
2017-7-2 16:49:54 [info]: 读取数据:0x17;1003;10;100;
2017-7-2 16:49:54 [info]: operate_1003 解析完成
2017-7-2 16:49:54 [info]: 成功向客户端发送信息：information geted
2017-7-2 16:49:54 [info]: 读取数据:0x17;2000;10;10;10;100;
2017-7-2 16:49:54 [info]: operate_2000 解析完成
2017-7-2 16:49:54 [info]: 成功向客户端发送信息：information geted
2017-7-2 16:49:54 [info]: 读取数据:0x17;2001;10;10;10;
2017-7-2 16:49:54 [info]: operate_2001 解析完成
2017-7-2 16:49:54 [info]: 成功向客户端发送信息：information geted
2017-7-2 16:49:54 [info]: 读取数据:0x17;2002;10;10;10;
2017-7-2 16:49:54 [info]: operate_2002 解析完成
2017-7-2 16:49:54 [info]: 成功向客户端发送信息：information geted
2017-7-2 16:49:54 [info]: 读取数据:0x17;2003;10;10;108;
2017-7-2 16:49:54 [info]: operate_2003 解析完成
2017-7-2 16:49:54 [info]: 成功向客户端发送信息：information geted
2017-7-2 16:49:54 [info]: 读取数据:0x17;3000;10;10;10;12;
2017-7-2 16:49:54 [info]: operate_3000 解析完成
2017-7-2 16:49:54 [info]: 成功向客户端发送信息：information geted
2017-7-2 16:49:54 [info]: 读取数据:0x17;3001;10;10;
2017-7-2 16:49:54 [info]: operate_3001 解析完成
2017-7-2 16:49:54 [info]: 成功向客户端发送信息：information geted
2017-7-2 16:49:54 [info]: 读取数据:quit
2017-7-2 17:0:22 [info]: 日志模块已经启动
2017-7-2 17:0:22 [info]: 尝试初始化数据库模块
2017-7-2 17:0:22 [info]: 数据库连接成功
2017-7-2 17:0:22 [info]: 数据库模块已经启动
2017-7-2 17:0:22 [info]: Redis模块已经启动
2017-7-2 17:0:22 [info]: socket模块尝试启动
2017-7-2 17:0:22 [info]: 服务器socket创建成功
2017-7-2 17:0:22 [info]: 端口锁定成功
2017-7-2 17:0:22 [info]: 端口侦听成功
2017-7-2 17:0:22 [info]: socket模块已经启动
2017-7-2 17:0:22 [info]: 协议处理模块初始化完成
2017-7-2 17:0:22 [info]: operate_1000 解析完成
2017-7-2 17:0:22 [info]: operate_1001 解析完成
2017-7-2 17:0:22 [info]: operate_1002 解析完成
2017-7-2 17:0:22 [info]: operate_1003 解析完成
2017-7-2 17:0:22 [info]: operate_2000 解析完成
2017-7-2 17:0:22 [info]: operate_2001 解析完成
2017-7-2 17:0:22 [info]: operate_2002 解析完成
2017-7-2 17:0:22 [info]: operate_2003 解析完成
2017-7-2 17:0:22 [info]: operate_3000 解析完成
2017-7-2 17:0:22 [info]: operate_3001 解析完成
2017-7-2 17:0:22 [info]: 服务器正式启动，开始侦听端口......
2017-7-2 17:1:9 [info]: 日志模块已经启动
2017-7-2 17:1:9 [info]: 尝试初始化数据库模块
2017-7-2 17:1:9 [info]: 数据库连接成功
2017-7-2 17:1:9 [info]: 数据库模块已经启动
2017-7-2 17:1:9 [info]: Redis模块已经启动
2017-7-2 17:1:9 [info]: socket模块尝试启动
2017-7-2 17:1:9 [info]: 服务器socket创建成功
2017-7-2 17:1:9 [erro]: 端口锁定失败
2017-7-2 17:1:9 [info]: socket模块已经启动
2017-7-2 17:1:9 [info]: 协议处理模块初始化完成
2017-7-2 17:1:9 [info]: operate_1000 解析完成
2017-7-2 17:1:9 [info]: operate_1001 解析完成
2017-7-2 17:1:9 [info]: operate_1002 解析完成
2017-7-2 17:1:9 [info]: operate_1003 解析完成
2017-7-2 17:1:9 [info]: operate_2000 解析完成
2017-7-2 17:1:9 [info]: operate_2001 解析完成
2017-7-2 17:1:9 [info]: operate_2002 解析完成
2017-7-2 17:1:9 [info]: operate_2003 解析完成
2017-7-2 17:1:9 [info]: operate_3000 解析完成
2017-7-2 17:1:9 [info]: operate_3001 解析完成
2017-7-2 17:1:9 [info]: 服务器正式启动，开始侦听端口......
2017-7-2 17:1:9 [erro]: 并没有被接受
2017-7-2 17:8:4 [info]: 日志模块已经启动
2017-7-2 17:8:4 [info]: 尝试初始化数据库模块
2017-7-2 17:8:4 [info]: 数据库连接成功
2017-7-2 17:8:4 [info]: 数据库模块已经启动
2017-7-2 17:8:4 [info]: Redis模块已经启动
2017-7-2 17:8:4 [info]: socket模块尝试启动
2017-7-2 17:8:4 [info]: 服务器socket创建成功
2017-7-2 17:8:4 [info]: 端口锁定成功
2017-7-2 17:8:4 [info]: 端口侦听成功
2017-7-2 17:8:4 [info]: socket模块已经启动
2017-7-2 17:8:4 [info]: 协议处理模块初始化完成
2017-7-2 17:8:4 [info]: operate_1000 解析完成
2017-7-2 17:8:4 [info]: operate_1001 解析完成
2017-7-2 17:8:4 [info]: operate_1002 解析完成
2017-7-2 17:8:4 [info]: operate_1003 解析完成
2017-7-2 17:8:4 [info]: operate_2000 解析完成
2017-7-2 17:8:4 [info]: operate_2001 解析完成
2017-7-2 17:8:4 [info]: operate_2002 解析完成
2017-7-2 17:8:4 [info]: operate_2003 解析完成
2017-7-2 17:8:4 [info]: operate_3000 解析完成
2017-7-2 17:8:4 [info]: operate_3001 解析完成
2017-7-2 17:8:4 [info]: 服务器正式启动，开始侦听端口......
2017-7-2 17:12:18 [info]: 日志模块已经启动
2017-7-2 17:12:18 [info]: 尝试初始化数据库模块
2017-7-2 17:12:18 [info]: 数据库连接成功
2017-7-2 17:12:18 [info]: 数据库模块已经启动
2017-7-2 17:12:18 [info]: Redis模块已经启动
2017-7-2 17:12:18 [info]: socket模块尝试启动
2017-7-2 17:12:18 [info]: 服务器socket创建成功
2017-7-2 17:12:18 [info]: 端口锁定成功
2017-7-2 17:12:18 [info]: 端口侦听成功
2017-7-2 17:12:18 [info]: socket模块已经启动
2017-7-2 17:12:18 [info]: 协议处理模块初始化完成
2017-7-2 17:12:18 [info]: operate_1000 解析完成
2017-7-2 17:12:18 [info]: operate_1001 解析完成
2017-7-2 17:12:18 [info]: operate_1002 解析完成
2017-7-2 17:12:18 [info]: operate_1003 解析完成
2017-7-2 17:12:18 [info]: operate_2000 解析完成
2017-7-2 17:12:18 [info]: operate_2001 解析完成
2017-7-2 17:12:18 [info]: operate_2002 解析完成
2017-7-2 17:12:18 [info]: operate_2003 解析完成
2017-7-2 17:12:18 [info]: operate_3000 解析完成
2017-7-2 17:12:18 [info]: operate_3001 解析完成
2017-7-2 17:12:18 [info]: 服务器正式启动，开始侦听端口......
