2017-7-4 11:36:27 [info]: 日志模块已经启动
2017-7-4 11:36:27 [info]: 尝试初始化数据库模块
2017-7-4 11:36:27 [info]: 数据库连接成功
2017-7-4 11:36:27 [info]: 数据库模块已经启动
2017-7-4 11:36:27 [info]: Redis模块已经启动
2017-7-4 11:36:27 [info]: socket模块尝试启动
2017-7-4 11:36:27 [info]: 服务器socket创建成功
2017-7-4 11:36:27 [info]: 端口锁定成功
2017-7-4 11:36:27 [info]: 端口侦听成功
2017-7-4 11:36:27 [info]: socket模块已经启动
2017-7-4 11:36:27 [info]: 协议处理模块初始化完成
2017-7-4 11:36:27 [info]: 数据操作成功
2017-7-4 11:36:27 [info]: 数据插入成功
2017-7-4 11:36:27 [info]: operate_1001 解析完成
2017-7-4 11:36:27 [info]: 数据操作成功
2017-7-4 11:36:27 [info]: 数据插入成功
2017-7-4 11:36:27 [info]: operate_1001 解析完成
2017-7-4 11:36:27 [info]: 数据操作成功
2017-7-4 11:36:27 [info]: 数据插入成功
2017-7-4 11:36:27 [info]: operate_1001 解析完成
2017-7-4 11:36:27 [info]: 服务器正式启动，开始侦听端口......
2017-7-4 11:41:58 [info]: 日志模块已经启动
2017-7-4 11:41:58 [info]: 尝试初始化数据库模块
2017-7-4 11:41:58 [info]: 数据库连接成功
2017-7-4 11:41:58 [info]: 数据库模块已经启动
2017-7-4 11:41:58 [info]: Redis模块已经启动
2017-7-4 11:41:58 [info]: socket模块尝试启动
2017-7-4 11:41:58 [info]: 服务器socket创建成功
2017-7-4 11:41:58 [info]: 端口锁定成功
2017-7-4 11:41:58 [info]: 端口侦听成功
2017-7-4 11:41:58 [info]: socket模块已经启动
2017-7-4 11:41:58 [info]: 协议处理模块初始化完成
2017-7-4 11:41:58 [info]: 数据操作成功
2017-7-4 11:41:58 [info]: 数据插入成功
2017-7-4 11:41:58 [info]: operate_1001 解析完成
2017-7-4 11:41:58 [info]: 数据操作成功
2017-7-4 11:41:58 [info]: 数据插入成功
2017-7-4 11:41:58 [info]: operate_1001 解析完成
2017-7-4 11:41:58 [erro]: 数据操作失败
2017-7-4 11:41:58 [info]: 数据插入成功
2017-7-4 11:41:58 [info]: operate_1001 解析完成
2017-7-4 11:41:58 [info]: 服务器正式启动，开始侦听端口......
2017-7-4 11:46:53 [info]: 日志模块已经启动
2017-7-4 11:46:53 [info]: 尝试初始化数据库模块
2017-7-4 11:46:53 [info]: 数据库连接成功
2017-7-4 11:46:53 [info]: 数据库模块已经启动
2017-7-4 11:46:53 [info]: Redis模块已经启动
2017-7-4 11:46:53 [info]: socket模块尝试启动
2017-7-4 11:46:53 [info]: 服务器socket创建成功
2017-7-4 11:46:53 [erro]: 端口锁定失败
2017-7-4 11:46:53 [info]: socket模块已经启动
2017-7-4 11:46:53 [info]: 协议处理模块初始化完成
2017-7-4 11:46:53 [info]: 数据操作成功
2017-7-4 11:46:53 [info]: 数据插入成功
2017-7-4 11:46:53 [info]: operate_1001 解析完成
2017-7-4 11:46:53 [info]: 数据操作成功
2017-7-4 11:46:53 [info]: 数据插入成功
2017-7-4 11:46:53 [info]: operate_1001 解析完成
2017-7-4 11:46:53 [info]: 数据操作成功
2017-7-4 11:46:53 [info]: 数据插入成功
2017-7-4 11:46:53 [info]: operate_1001 解析完成
2017-7-4 11:46:53 [info]: 服务器正式启动，开始侦听端口......
2017-7-4 11:46:53 [erro]: 并没有被接受服务器被迫停止，原因有可能是端口被占用，请重试
2017-7-4 11:47:36 [info]: 日志模块已经启动
2017-7-4 11:47:36 [info]: 尝试初始化数据库模块
2017-7-4 11:47:36 [info]: 数据库连接成功
2017-7-4 11:47:36 [info]: 数据库模块已经启动
2017-7-4 11:47:36 [info]: Redis模块已经启动
2017-7-4 11:47:36 [info]: socket模块尝试启动
2017-7-4 11:47:36 [info]: 服务器socket创建成功
2017-7-4 11:47:36 [erro]: 端口锁定失败
2017-7-4 11:47:36 [info]: socket模块已经启动
2017-7-4 11:47:36 [info]: 协议处理模块初始化完成
2017-7-4 11:47:36 [info]: 数据操作成功
2017-7-4 11:47:36 [info]: 数据插入成功
2017-7-4 11:47:36 [info]: operate_1001 解析完成
2017-7-4 11:47:36 [info]: 数据操作成功
2017-7-4 11:47:36 [info]: 数据插入成功
2017-7-4 11:47:36 [info]: operate_1001 解析完成
2017-7-4 11:47:36 [info]: 数据操作成功
2017-7-4 11:47:36 [info]: 数据插入成功
2017-7-4 11:47:36 [info]: operate_1001 解析完成
2017-7-4 11:47:36 [info]: 服务器正式启动，开始侦听端口......
2017-7-4 11:47:36 [erro]: 并没有被接受服务器被迫停止，原因有可能是端口被占用，请重试
2017-7-4 11:47:38 [info]: 日志模块已经启动
2017-7-4 11:47:38 [info]: 尝试初始化数据库模块
2017-7-4 11:47:38 [info]: 数据库连接成功
2017-7-4 11:47:38 [info]: 数据库模块已经启动
2017-7-4 11:47:38 [info]: Redis模块已经启动
2017-7-4 11:47:38 [info]: socket模块尝试启动
2017-7-4 11:47:38 [info]: 服务器socket创建成功
2017-7-4 11:47:38 [erro]: 端口锁定失败
2017-7-4 11:47:38 [info]: socket模块已经启动
2017-7-4 11:47:38 [info]: 协议处理模块初始化完成
2017-7-4 11:47:38 [info]: 数据操作成功
2017-7-4 11:47:38 [info]: 数据插入成功
2017-7-4 11:47:38 [info]: operate_1001 解析完成
2017-7-4 11:47:38 [info]: 数据操作成功
2017-7-4 11:47:38 [info]: 数据插入成功
2017-7-4 11:47:38 [info]: operate_1001 解析完成
2017-7-4 11:47:38 [info]: 数据操作成功
2017-7-4 11:47:38 [info]: 数据插入成功
2017-7-4 11:47:38 [info]: operate_1001 解析完成
2017-7-4 11:47:38 [info]: 服务器正式启动，开始侦听端口......
2017-7-4 11:47:38 [erro]: 并没有被接受服务器被迫停止，原因有可能是端口被占用，请重试
2017-7-4 11:47:39 [info]: 日志模块已经启动
2017-7-4 11:47:39 [info]: 尝试初始化数据库模块
2017-7-4 11:47:39 [info]: 数据库连接成功
2017-7-4 11:47:39 [info]: 数据库模块已经启动
2017-7-4 11:47:39 [info]: Redis模块已经启动
2017-7-4 11:47:39 [info]: socket模块尝试启动
2017-7-4 11:47:39 [info]: 服务器socket创建成功
2017-7-4 11:47:39 [erro]: 端口锁定失败
2017-7-4 11:47:39 [info]: socket模块已经启动
2017-7-4 11:47:39 [info]: 协议处理模块初始化完成
2017-7-4 11:47:39 [info]: 数据操作成功
2017-7-4 11:47:39 [info]: 数据插入成功
2017-7-4 11:47:39 [info]: operate_1001 解析完成
2017-7-4 11:47:39 [info]: 数据操作成功
2017-7-4 11:47:39 [info]: 数据插入成功
2017-7-4 11:47:39 [info]: operate_1001 解析完成
2017-7-4 11:47:39 [info]: 数据操作成功
2017-7-4 11:47:39 [info]: 数据插入成功
2017-7-4 11:47:39 [info]: operate_1001 解析完成
2017-7-4 11:47:39 [info]: 服务器正式启动，开始侦听端口......
2017-7-4 11:47:39 [erro]: 并没有被接受服务器被迫停止，原因有可能是端口被占用，请重试
2017-7-4 11:47:49 [info]: 日志模块已经启动
2017-7-4 11:47:49 [info]: 尝试初始化数据库模块
2017-7-4 11:47:49 [info]: 数据库连接成功
2017-7-4 11:47:49 [info]: 数据库模块已经启动
2017-7-4 11:47:49 [info]: Redis模块已经启动
2017-7-4 11:47:49 [info]: socket模块尝试启动
2017-7-4 11:47:49 [info]: 服务器socket创建成功
2017-7-4 11:47:49 [info]: 端口锁定成功
2017-7-4 11:47:49 [info]: 端口侦听成功
2017-7-4 11:47:49 [info]: socket模块已经启动
2017-7-4 11:47:49 [info]: 协议处理模块初始化完成
2017-7-4 11:47:49 [info]: 数据操作成功
2017-7-4 11:47:49 [info]: 数据插入成功
2017-7-4 11:47:49 [info]: operate_1001 解析完成
2017-7-4 11:47:49 [info]: 数据操作成功
2017-7-4 11:47:49 [info]: 数据插入成功
2017-7-4 11:47:49 [info]: operate_1001 解析完成
2017-7-4 11:47:49 [info]: 数据操作成功
2017-7-4 11:47:49 [info]: 数据插入成功
2017-7-4 11:47:49 [info]: operate_1001 解析完成
2017-7-4 11:47:49 [info]: 服务器正式启动，开始侦听端口......
2017-7-4 11:48:50 [info]: 日志模块已经启动
2017-7-4 11:48:50 [info]: 尝试初始化数据库模块
2017-7-4 11:48:50 [info]: 数据库连接成功
2017-7-4 11:48:50 [info]: 数据库模块已经启动
2017-7-4 11:48:50 [info]: Redis模块已经启动
2017-7-4 11:48:50 [info]: socket模块尝试启动
2017-7-4 11:48:50 [info]: 服务器socket创建成功
2017-7-4 11:48:50 [erro]: 端口锁定失败
2017-7-4 11:48:50 [info]: socket模块已经启动
2017-7-4 11:48:50 [info]: 协议处理模块初始化完成
2017-7-4 11:48:50 [info]: 数据操作成功
2017-7-4 11:48:50 [info]: 数据插入成功
2017-7-4 11:48:50 [info]: operate_1001 解析完成
2017-7-4 11:48:50 [info]: 数据操作成功
2017-7-4 11:48:50 [info]: 数据插入成功
2017-7-4 11:48:50 [info]: operate_1001 解析完成
2017-7-4 11:48:50 [info]: 数据操作成功
2017-7-4 11:48:50 [info]: 数据插入成功
2017-7-4 11:48:50 [info]: operate_1001 解析完成
2017-7-4 11:48:50 [info]: 服务器正式启动，开始侦听端口......
2017-7-4 11:48:50 [erro]: 并没有被接受服务器被迫停止，原因有可能是端口被占用，请重试
2017-7-4 11:49:0 [info]: 日志模块已经启动
2017-7-4 11:49:0 [info]: 尝试初始化数据库模块
2017-7-4 11:49:0 [info]: 数据库连接成功
2017-7-4 11:49:0 [info]: 数据库模块已经启动
2017-7-4 11:49:0 [info]: Redis模块已经启动
2017-7-4 11:49:0 [info]: socket模块尝试启动
2017-7-4 11:49:0 [info]: 服务器socket创建成功
2017-7-4 11:49:0 [erro]: 端口锁定失败
2017-7-4 11:49:0 [info]: socket模块已经启动
2017-7-4 11:49:0 [info]: 协议处理模块初始化完成
2017-7-4 11:49:0 [info]: 数据操作成功
2017-7-4 11:49:0 [info]: 数据插入成功
2017-7-4 11:49:0 [info]: operate_1001 解析完成
2017-7-4 11:49:0 [info]: 数据操作成功
2017-7-4 11:49:0 [info]: 数据插入成功
2017-7-4 11:49:0 [info]: operate_1001 解析完成
2017-7-4 11:49:0 [info]: 数据操作成功
2017-7-4 11:49:0 [info]: 数据插入成功
2017-7-4 11:49:0 [info]: operate_1001 解析完成
2017-7-4 11:49:0 [info]: 服务器正式启动，开始侦听端口......
2017-7-4 11:49:0 [erro]: 并没有被接受服务器被迫停止，原因有可能是端口被占用，请重试
2017-7-4 11:49:24 [info]: 日志模块已经启动
2017-7-4 11:49:24 [info]: 尝试初始化数据库模块
2017-7-4 11:49:24 [info]: 数据库连接成功
2017-7-4 11:49:24 [info]: 数据库模块已经启动
2017-7-4 11:49:24 [info]: Redis模块已经启动
2017-7-4 11:49:24 [info]: socket模块尝试启动
2017-7-4 11:49:24 [info]: 服务器socket创建成功
2017-7-4 11:49:24 [erro]: 端口锁定失败
2017-7-4 11:49:24 [info]: socket模块已经启动
2017-7-4 11:49:24 [info]: 协议处理模块初始化完成
2017-7-4 11:49:24 [info]: 数据操作成功
2017-7-4 11:49:24 [info]: 数据插入成功
2017-7-4 11:49:24 [info]: operate_1001 解析完成
2017-7-4 11:49:24 [info]: 数据操作成功
2017-7-4 11:49:24 [info]: 数据插入成功
2017-7-4 11:49:24 [info]: operate_1001 解析完成
2017-7-4 11:49:24 [info]: 数据操作成功
2017-7-4 11:49:24 [info]: 数据插入成功
2017-7-4 11:49:24 [info]: operate_1001 解析完成
2017-7-4 11:49:24 [info]: 服务器正式启动，开始侦听端口......
2017-7-4 11:49:24 [erro]: 并没有被接受服务器被迫停止，原因有可能是端口被占用，请重试
2017-7-4 11:49:35 [info]: 日志模块已经启动
2017-7-4 11:49:35 [info]: 尝试初始化数据库模块
2017-7-4 11:49:35 [info]: 数据库连接成功
2017-7-4 11:49:35 [info]: 数据库模块已经启动
2017-7-4 11:49:35 [info]: Redis模块已经启动
2017-7-4 11:49:35 [info]: socket模块尝试启动
2017-7-4 11:49:35 [info]: 服务器socket创建成功
2017-7-4 11:49:35 [info]: 端口锁定成功
2017-7-4 11:49:35 [info]: 端口侦听成功
2017-7-4 11:49:35 [info]: socket模块已经启动
2017-7-4 11:49:35 [info]: 协议处理模块初始化完成
2017-7-4 11:49:35 [info]: 数据操作成功
2017-7-4 11:49:35 [info]: 数据插入成功
2017-7-4 11:49:35 [info]: operate_1001 解析完成
2017-7-4 11:49:35 [info]: 数据操作成功
2017-7-4 11:49:35 [info]: 数据插入成功
2017-7-4 11:49:35 [info]: operate_1001 解析完成
2017-7-4 11:49:35 [info]: 数据操作成功
2017-7-4 11:49:35 [info]: 数据插入成功
2017-7-4 11:49:35 [info]: operate_1001 解析完成
2017-7-4 11:49:35 [info]: 服务器正式启动，开始侦听端口......
2017-7-4 11:50:53 [info]: 日志模块已经启动
2017-7-4 11:50:53 [info]: 尝试初始化数据库模块
2017-7-4 11:50:53 [info]: 数据库连接成功
2017-7-4 11:50:53 [info]: 数据库模块已经启动
2017-7-4 11:50:53 [info]: Redis模块已经启动
2017-7-4 11:50:53 [info]: socket模块尝试启动
2017-7-4 11:50:53 [info]: 服务器socket创建成功
2017-7-4 11:50:53 [info]: 端口锁定成功
2017-7-4 11:50:53 [info]: 端口侦听成功
2017-7-4 11:50:53 [info]: socket模块已经启动
2017-7-4 11:50:53 [info]: 协议处理模块初始化完成
2017-7-4 11:50:53 [info]: 数据操作成功
2017-7-4 11:50:53 [info]: 数据插入成功
2017-7-4 11:50:53 [info]: operate_1001 解析完成
2017-7-4 11:50:53 [info]: 数据操作成功
2017-7-4 11:50:53 [info]: 数据插入成功
2017-7-4 11:50:53 [info]: operate_1001 解析完成
2017-7-4 11:50:53 [info]: 数据操作成功
2017-7-4 11:50:53 [info]: 数据插入成功
2017-7-4 11:50:53 [info]: operate_1001 解析完成
2017-7-4 11:50:53 [info]: 服务器正式启动，开始侦听端口......
