2017-7-3 10:8:16 [info]: 日志模块已经启动
2017-7-3 10:8:16 [info]: 尝试初始化数据库模块
2017-7-3 10:8:16 [info]: 数据库连接成功
2017-7-3 10:8:16 [info]: 数据库模块已经启动
2017-7-3 10:8:16 [info]: Redis模块已经启动
2017-7-3 10:8:16 [info]: socket模块尝试启动
2017-7-3 10:8:16 [info]: 服务器socket创建成功
2017-7-3 10:8:16 [info]: 端口锁定成功
2017-7-3 10:8:16 [info]: 端口侦听成功
2017-7-3 10:8:16 [info]: socket模块已经启动
2017-7-3 10:8:16 [info]: 协议处理模块初始化完成
2017-7-3 10:8:16 [info]: 数据操作成功
2017-7-3 10:8:16 [info]: 数据操作成功
2017-7-3 10:8:16 [info]: 数据操作成功
2017-7-3 10:8:16 [info]: 数据操作成功
2017-7-3 10:8:16 [info]: 数据操作成功
2017-7-3 10:8:16 [erro]: 数据操作失败
2017-7-3 10:8:16 [info]: 数据插入成功
2017-7-3 10:8:16 [info]: operate_1001 解析完成
2017-7-3 10:8:16 [erro]: 数据操作失败
2017-7-3 10:8:16 [info]: 数据插入成功
2017-7-3 10:8:16 [info]: operate_1001 解析完成
2017-7-3 10:8:16 [erro]: 数据操作失败
2017-7-3 10:8:16 [info]: 数据插入成功
2017-7-3 10:8:16 [info]: operate_1001 解析完成
2017-7-3 10:8:16 [info]: 服务器正式启动，开始侦听端口......
2017-7-3 10:11:26 [info]: 日志模块已经启动
2017-7-3 10:11:26 [info]: 尝试初始化数据库模块
2017-7-3 10:11:26 [info]: 数据库连接成功
2017-7-3 10:11:26 [info]: 数据库模块已经启动
2017-7-3 10:11:26 [info]: Redis模块已经启动
2017-7-3 10:11:26 [info]: socket模块尝试启动
2017-7-3 10:11:26 [info]: 服务器socket创建成功
2017-7-3 10:11:26 [erro]: 端口锁定失败
2017-7-3 10:11:26 [info]: socket模块已经启动
2017-7-3 10:11:26 [info]: 协议处理模块初始化完成
2017-7-3 10:11:26 [erro]: 数据操作失败
2017-7-3 10:11:26 [info]: 数据插入成功
2017-7-3 10:11:26 [info]: operate_1001 解析完成
2017-7-3 10:11:26 [erro]: 数据操作失败
2017-7-3 10:11:26 [info]: 数据插入成功
2017-7-3 10:11:26 [info]: operate_1001 解析完成
2017-7-3 10:11:26 [erro]: 数据操作失败
2017-7-3 10:11:26 [info]: 数据插入成功
2017-7-3 10:11:26 [info]: operate_1001 解析完成
2017-7-3 10:11:26 [info]: 服务器正式启动，开始侦听端口......
2017-7-3 10:11:26 [erro]: 并没有被接受服务器被迫停止，原因有可能是端口被占用，请重试
2017-7-3 10:14:34 [info]: 日志模块已经启动
2017-7-3 10:14:34 [info]: 尝试初始化数据库模块
2017-7-3 10:14:34 [info]: 数据库连接成功
2017-7-3 10:14:34 [info]: 数据库模块已经启动
2017-7-3 10:14:34 [info]: Redis模块已经启动
2017-7-3 10:14:34 [info]: socket模块尝试启动
2017-7-3 10:14:34 [info]: 服务器socket创建成功
2017-7-3 10:14:34 [erro]: 端口锁定失败
2017-7-3 10:14:34 [info]: socket模块已经启动
2017-7-3 10:14:34 [info]: 协议处理模块初始化完成
2017-7-3 10:14:34 [erro]: 数据操作失败
2017-7-3 10:14:34 [info]: 数据插入成功
2017-7-3 10:14:34 [info]: operate_1001 解析完成
2017-7-3 10:14:34 [erro]: 数据操作失败
2017-7-3 10:14:34 [info]: 数据插入成功
2017-7-3 10:14:34 [info]: operate_1001 解析完成
2017-7-3 10:14:34 [erro]: 数据操作失败
2017-7-3 10:14:34 [info]: 数据插入成功
2017-7-3 10:14:34 [info]: operate_1001 解析完成
2017-7-3 10:14:34 [info]: 服务器正式启动，开始侦听端口......
2017-7-3 10:14:34 [erro]: 并没有被接受服务器被迫停止，原因有可能是端口被占用，请重试
2017-7-3 10:21:27 [info]: 日志模块已经启动
2017-7-3 10:21:27 [info]: 尝试初始化数据库模块
2017-7-3 10:21:27 [info]: 数据库连接成功
2017-7-3 10:21:27 [info]: 数据库模块已经启动
2017-7-3 10:21:27 [info]: Redis模块已经启动
2017-7-3 10:21:27 [info]: socket模块尝试启动
2017-7-3 10:21:27 [info]: 服务器socket创建成功
2017-7-3 10:21:27 [erro]: 端口锁定失败
2017-7-3 10:21:27 [info]: socket模块已经启动
2017-7-3 10:21:27 [info]: 协议处理模块初始化完成
2017-7-3 10:21:27 [info]: 数据操作成功
2017-7-3 10:21:27 [info]: 数据插入成功
2017-7-3 10:21:27 [info]: operate_1001 解析完成
2017-7-3 10:21:27 [info]: 数据操作成功
2017-7-3 10:21:27 [info]: 数据插入成功
2017-7-3 10:21:27 [info]: operate_1001 解析完成
2017-7-3 10:21:27 [info]: 数据操作成功
2017-7-3 10:21:27 [info]: 数据插入成功
2017-7-3 10:21:27 [info]: operate_1001 解析完成
2017-7-3 10:21:27 [info]: 服务器正式启动，开始侦听端口......
2017-7-3 10:21:27 [erro]: 并没有被接受服务器被迫停止，原因有可能是端口被占用，请重试
2017-7-3 10:24:40 [info]: 日志模块已经启动
2017-7-3 10:24:40 [info]: 尝试初始化数据库模块
2017-7-3 10:24:40 [info]: 数据库连接成功
2017-7-3 10:24:40 [info]: 数据库模块已经启动
2017-7-3 10:24:40 [info]: Redis模块已经启动
2017-7-3 10:24:40 [info]: socket模块尝试启动
2017-7-3 10:24:40 [info]: 服务器socket创建成功
2017-7-3 10:24:40 [erro]: 端口锁定失败
2017-7-3 10:24:40 [info]: socket模块已经启动
2017-7-3 10:24:40 [info]: 协议处理模块初始化完成
2017-7-3 10:24:40 [info]: 数据操作成功
2017-7-3 10:24:40 [info]: 数据插入成功
2017-7-3 10:24:40 [info]: operate_1001 解析完成
2017-7-3 10:24:40 [info]: 数据操作成功
2017-7-3 10:24:40 [info]: 数据插入成功
2017-7-3 10:24:40 [info]: operate_1001 解析完成
2017-7-3 10:24:40 [info]: 数据操作成功
2017-7-3 10:24:40 [info]: 数据插入成功
2017-7-3 10:24:40 [info]: operate_1001 解析完成
2017-7-3 10:24:40 [info]: 服务器正式启动，开始侦听端口......
2017-7-3 10:24:40 [erro]: 并没有被接受服务器被迫停止，原因有可能是端口被占用，请重试
2017-7-3 10:24:44 [info]: 日志模块已经启动
2017-7-3 10:24:44 [info]: 尝试初始化数据库模块
2017-7-3 10:24:44 [info]: 数据库连接成功
2017-7-3 10:24:44 [info]: 数据库模块已经启动
2017-7-3 10:24:44 [info]: Redis模块已经启动
2017-7-3 10:24:44 [info]: socket模块尝试启动
2017-7-3 10:24:44 [info]: 服务器socket创建成功
2017-7-3 10:24:44 [erro]: 端口锁定失败
2017-7-3 10:24:44 [info]: socket模块已经启动
2017-7-3 10:24:44 [info]: 协议处理模块初始化完成
2017-7-3 10:24:44 [info]: 数据操作成功
2017-7-3 10:24:44 [info]: 数据插入成功
2017-7-3 10:24:44 [info]: operate_1001 解析完成
2017-7-3 10:24:44 [info]: 数据操作成功
2017-7-3 10:24:44 [info]: 数据插入成功
2017-7-3 10:24:44 [info]: operate_1001 解析完成
2017-7-3 10:24:44 [info]: 数据操作成功
2017-7-3 10:24:44 [info]: 数据插入成功
2017-7-3 10:24:44 [info]: operate_1001 解析完成
2017-7-3 10:24:44 [info]: 服务器正式启动，开始侦听端口......
2017-7-3 10:24:44 [erro]: 并没有被接受服务器被迫停止，原因有可能是端口被占用，请重试
2017-7-3 10:25:0 [info]: 日志模块已经启动
2017-7-3 10:25:0 [info]: 尝试初始化数据库模块
2017-7-3 10:25:0 [info]: 数据库连接成功
2017-7-3 10:25:0 [info]: 数据库模块已经启动
2017-7-3 10:25:0 [info]: Redis模块已经启动
2017-7-3 10:25:0 [info]: socket模块尝试启动
2017-7-3 10:25:0 [info]: 服务器socket创建成功
2017-7-3 10:25:0 [info]: 端口锁定成功
2017-7-3 10:25:0 [info]: 端口侦听成功
2017-7-3 10:25:0 [info]: socket模块已经启动
2017-7-3 10:25:0 [info]: 协议处理模块初始化完成
2017-7-3 10:25:0 [info]: 数据操作成功
2017-7-3 10:25:0 [info]: 数据插入成功
2017-7-3 10:25:0 [info]: operate_1001 解析完成
2017-7-3 10:25:0 [info]: 数据操作成功
2017-7-3 10:25:0 [info]: 数据插入成功
2017-7-3 10:25:0 [info]: operate_1001 解析完成
2017-7-3 10:25:0 [info]: 数据操作成功
2017-7-3 10:25:0 [info]: 数据插入成功
2017-7-3 10:25:0 [info]: operate_1001 解析完成
2017-7-3 10:25:0 [info]: 服务器正式启动，开始侦听端口......
2017-7-3 10:28:12 [info]: 日志模块已经启动
2017-7-3 10:28:12 [info]: 尝试初始化数据库模块
2017-7-3 10:28:12 [info]: 数据库连接成功
2017-7-3 10:28:12 [info]: 数据库模块已经启动
2017-7-3 10:28:12 [info]: Redis模块已经启动
2017-7-3 10:28:12 [info]: socket模块尝试启动
2017-7-3 10:28:12 [info]: 服务器socket创建成功
2017-7-3 10:28:12 [info]: 端口锁定成功
2017-7-3 10:28:12 [info]: 端口侦听成功
2017-7-3 10:28:12 [info]: socket模块已经启动
2017-7-3 10:28:12 [info]: 协议处理模块初始化完成
2017-7-3 10:28:12 [info]: 数据操作成功
2017-7-3 10:28:12 [info]: 数据插入成功
2017-7-3 10:28:12 [info]: operate_1001 解析完成
2017-7-3 10:28:12 [info]: 数据操作成功
2017-7-3 10:28:12 [info]: 数据插入成功
2017-7-3 10:28:12 [info]: operate_1001 解析完成
2017-7-3 10:28:12 [info]: 数据操作成功
2017-7-3 10:28:12 [info]: 数据插入成功
2017-7-3 10:28:12 [info]: operate_1001 解析完成
2017-7-3 10:28:12 [info]: 服务器正式启动，开始侦听端口......
